<?xml version="1.0" encoding="UTF-8"?>
<testsuite xmlns:xsi="http://www.w3.org/2001/XMLSchema-instance" xsi:noNamespaceSchemaLocation="https://maven.apache.org/surefire/maven-surefire-plugin/xsd/surefire-test-report.xsd" name="one.digitalinnovation.parking.controller.ParkingControllerTest" time="21.676" tests="2" errors="0" skipped="0" failures="0">
  <properties>
    <property name="java.specification.version" value="17"/>
    <property name="sun.cpu.isalist" value="amd64"/>
    <property name="sun.jnu.encoding" value="Cp1252"/>
    <property name="java.class.path" value="D:\Dev\DIO-Quebec\cloud-parking\target\test-classes;D:\Dev\DIO-Quebec\cloud-parking\target\classes;C:\Users\LUIZFELIPEPEREIRALEI\.m2\repository\org\apache\groovy\groovy\4.0.6\groovy-4.0.6.jar;C:\Users\LUIZFELIPEPEREIRALEI\.m2\repository\org\springframework\boot\spring-boot-starter-web\2.7.5\spring-boot-starter-web-2.7.5.jar;C:\Users\LUIZFELIPEPEREIRALEI\.m2\repository\org\springframework\boot\spring-boot-starter\2.7.5\spring-boot-starter-2.7.5.jar;C:\Users\LUIZFELIPEPEREIRALEI\.m2\repository\org\springframework\boot\spring-boot-starter-logging\2.7.5\spring-boot-starter-logging-2.7.5.jar;C:\Users\LUIZFELIPEPEREIRALEI\.m2\repository\ch\qos\logback\logback-classic\1.2.11\logback-classic-1.2.11.jar;C:\Users\LUIZFELIPEPEREIRALEI\.m2\repository\ch\qos\logback\logback-core\1.2.11\logback-core-1.2.11.jar;C:\Users\LUIZFELIPEPEREIRALEI\.m2\repository\org\apache\logging\log4j\log4j-to-slf4j\2.17.2\log4j-to-slf4j-2.17.2.jar;C:\Users\LUIZFELIPEPEREIRALEI\.m2\repository\org\apache\logging\log4j\log4j-api\2.17.2\log4j-api-2.17.2.jar;C:\Users\LUIZFELIPEPEREIRALEI\.m2\repository\org\slf4j\jul-to-slf4j\1.7.36\jul-to-slf4j-1.7.36.jar;C:\Users\LUIZFELIPEPEREIRALEI\.m2\repository\jakarta\annotation\jakarta.annotation-api\1.3.5\jakarta.annotation-api-1.3.5.jar;C:\Users\LUIZFELIPEPEREIRALEI\.m2\repository\org\yaml\snakeyaml\1.30\snakeyaml-1.30.jar;C:\Users\LUIZFELIPEPEREIRALEI\.m2\repository\org\springframework\boot\spring-boot-starter-json\2.7.5\spring-boot-starter-json-2.7.5.jar;C:\Users\LUIZFELIPEPEREIRALEI\.m2\repository\com\fasterxml\jackson\core\jackson-databind\2.13.4.2\jackson-databind-2.13.4.2.jar;C:\Users\LUIZFELIPEPEREIRALEI\.m2\repository\com\fasterxml\jackson\core\jackson-annotations\2.13.4\jackson-annotations-2.13.4.jar;C:\Users\LUIZFELIPEPEREIRALEI\.m2\repository\com\fasterxml\jackson\core\jackson-core\2.13.4\jackson-core-2.13.4.jar;C:\Users\LUIZFELIPEPEREIRALEI\.m2\repository\com\fasterxml\jackson\datatype\jackson-datatype-jdk8\2.13.4\jackson-datatype-jdk8-2.13.4.jar;C:\Users\LUIZFELIPEPEREIRALEI\.m2\repository\com\fasterxml\jackson\datatype\jackson-datatype-jsr310\2.13.4\jackson-datatype-jsr310-2.13.4.jar;C:\Users\LUIZFELIPEPEREIRALEI\.m2\repository\com\fasterxml\jackson\module\jackson-module-parameter-names\2.13.4\jackson-module-parameter-names-2.13.4.jar;C:\Users\LUIZFELIPEPEREIRALEI\.m2\repository\org\springframework\boot\spring-boot-starter-tomcat\2.7.5\spring-boot-starter-tomcat-2.7.5.jar;C:\Users\LUIZFELIPEPEREIRALEI\.m2\repository\org\apache\tomcat\embed\tomcat-embed-core\9.0.68\tomcat-embed-core-9.0.68.jar;C:\Users\LUIZFELIPEPEREIRALEI\.m2\repository\org\apache\tomcat\embed\tomcat-embed-el\9.0.68\tomcat-embed-el-9.0.68.jar;C:\Users\LUIZFELIPEPEREIRALEI\.m2\repository\org\apache\tomcat\embed\tomcat-embed-websocket\9.0.68\tomcat-embed-websocket-9.0.68.jar;C:\Users\LUIZFELIPEPEREIRALEI\.m2\repository\org\springframework\spring-web\5.3.23\spring-web-5.3.23.jar;C:\Users\LUIZFELIPEPEREIRALEI\.m2\repository\org\springframework\spring-beans\5.3.23\spring-beans-5.3.23.jar;C:\Users\LUIZFELIPEPEREIRALEI\.m2\repository\org\springframework\spring-webmvc\5.3.23\spring-webmvc-5.3.23.jar;C:\Users\LUIZFELIPEPEREIRALEI\.m2\repository\org\springframework\spring-context\5.3.23\spring-context-5.3.23.jar;C:\Users\LUIZFELIPEPEREIRALEI\.m2\repository\org\springframework\spring-expression\5.3.23\spring-expression-5.3.23.jar;C:\Users\LUIZFELIPEPEREIRALEI\.m2\repository\org\springframework\boot\spring-boot-devtools\2.7.5\spring-boot-devtools-2.7.5.jar;C:\Users\LUIZFELIPEPEREIRALEI\.m2\repository\org\springframework\boot\spring-boot\2.7.5\spring-boot-2.7.5.jar;C:\Users\LUIZFELIPEPEREIRALEI\.m2\repository\org\springframework\boot\spring-boot-autoconfigure\2.7.5\spring-boot-autoconfigure-2.7.5.jar;C:\Users\LUIZFELIPEPEREIRALEI\.m2\repository\org\springframework\boot\spring-boot-starter-security\2.7.5\spring-boot-starter-security-2.7.5.jar;C:\Users\LUIZFELIPEPEREIRALEI\.m2\repository\org\springframework\spring-aop\5.3.23\spring-aop-5.3.23.jar;C:\Users\LUIZFELIPEPEREIRALEI\.m2\repository\org\springframework\security\spring-security-config\5.7.4\spring-security-config-5.7.4.jar;C:\Users\LUIZFELIPEPEREIRALEI\.m2\repository\org\springframework\security\spring-security-core\5.7.4\spring-security-core-5.7.4.jar;C:\Users\LUIZFELIPEPEREIRALEI\.m2\repository\org\springframework\security\spring-security-crypto\5.7.4\spring-security-crypto-5.7.4.jar;C:\Users\LUIZFELIPEPEREIRALEI\.m2\repository\org\springframework\security\spring-security-web\5.7.4\spring-security-web-5.7.4.jar;C:\Users\LUIZFELIPEPEREIRALEI\.m2\repository\org\modelmapper\modelmapper\3.1.0\modelmapper-3.1.0.jar;C:\Users\LUIZFELIPEPEREIRALEI\.m2\repository\io\springfox\springfox-boot-starter\3.0.0\springfox-boot-starter-3.0.0.jar;C:\Users\LUIZFELIPEPEREIRALEI\.m2\repository\io\springfox\springfox-oas\3.0.0\springfox-oas-3.0.0.jar;C:\Users\LUIZFELIPEPEREIRALEI\.m2\repository\io\swagger\core\v3\swagger-annotations\2.1.2\swagger-annotations-2.1.2.jar;C:\Users\LUIZFELIPEPEREIRALEI\.m2\repository\io\swagger\core\v3\swagger-models\2.1.2\swagger-models-2.1.2.jar;C:\Users\LUIZFELIPEPEREIRALEI\.m2\repository\io\springfox\springfox-spi\3.0.0\springfox-spi-3.0.0.jar;C:\Users\LUIZFELIPEPEREIRALEI\.m2\repository\io\springfox\springfox-schema\3.0.0\springfox-schema-3.0.0.jar;C:\Users\LUIZFELIPEPEREIRALEI\.m2\repository\io\springfox\springfox-core\3.0.0\springfox-core-3.0.0.jar;C:\Users\LUIZFELIPEPEREIRALEI\.m2\repository\io\springfox\springfox-spring-web\3.0.0\springfox-spring-web-3.0.0.jar;C:\Users\LUIZFELIPEPEREIRALEI\.m2\repository\io\github\classgraph\classgraph\4.8.83\classgraph-4.8.83.jar;C:\Users\LUIZFELIPEPEREIRALEI\.m2\repository\io\springfox\springfox-spring-webmvc\3.0.0\springfox-spring-webmvc-3.0.0.jar;C:\Users\LUIZFELIPEPEREIRALEI\.m2\repository\io\springfox\springfox-spring-webflux\3.0.0\springfox-spring-webflux-3.0.0.jar;C:\Users\LUIZFELIPEPEREIRALEI\.m2\repository\io\springfox\springfox-swagger-common\3.0.0\springfox-swagger-common-3.0.0.jar;C:\Users\LUIZFELIPEPEREIRALEI\.m2\repository\org\mapstruct\mapstruct\1.3.1.Final\mapstruct-1.3.1.Final.jar;C:\Users\LUIZFELIPEPEREIRALEI\.m2\repository\io\springfox\springfox-data-rest\3.0.0\springfox-data-rest-3.0.0.jar;C:\Users\LUIZFELIPEPEREIRALEI\.m2\repository\io\springfox\springfox-bean-validators\3.0.0\springfox-bean-validators-3.0.0.jar;C:\Users\LUIZFELIPEPEREIRALEI\.m2\repository\io\springfox\springfox-swagger2\3.0.0\springfox-swagger2-3.0.0.jar;C:\Users\LUIZFELIPEPEREIRALEI\.m2\repository\io\swagger\swagger-annotations\1.5.20\swagger-annotations-1.5.20.jar;C:\Users\LUIZFELIPEPEREIRALEI\.m2\repository\io\swagger\swagger-models\1.5.20\swagger-models-1.5.20.jar;C:\Users\LUIZFELIPEPEREIRALEI\.m2\repository\io\springfox\springfox-swagger-ui\3.0.0\springfox-swagger-ui-3.0.0.jar;C:\Users\LUIZFELIPEPEREIRALEI\.m2\repository\com\fasterxml\classmate\1.5.1\classmate-1.5.1.jar;C:\Users\LUIZFELIPEPEREIRALEI\.m2\repository\org\slf4j\slf4j-api\1.7.36\slf4j-api-1.7.36.jar;C:\Users\LUIZFELIPEPEREIRALEI\.m2\repository\org\springframework\plugin\spring-plugin-core\2.0.0.RELEASE\spring-plugin-core-2.0.0.RELEASE.jar;C:\Users\LUIZFELIPEPEREIRALEI\.m2\repository\org\springframework\plugin\spring-plugin-metadata\2.0.0.RELEASE\spring-plugin-metadata-2.0.0.RELEASE.jar;C:\Users\LUIZFELIPEPEREIRALEI\.m2\repository\jakarta\servlet\jakarta.servlet-api\6.0.0\jakarta.servlet-api-6.0.0.jar;C:\Users\LUIZFELIPEPEREIRALEI\.m2\repository\org\springframework\boot\spring-boot-starter-data-jpa\2.7.5\spring-boot-starter-data-jpa-2.7.5.jar;C:\Users\LUIZFELIPEPEREIRALEI\.m2\repository\org\springframework\boot\spring-boot-starter-aop\2.7.5\spring-boot-starter-aop-2.7.5.jar;C:\Users\LUIZFELIPEPEREIRALEI\.m2\repository\org\aspectj\aspectjweaver\1.9.7\aspectjweaver-1.9.7.jar;C:\Users\LUIZFELIPEPEREIRALEI\.m2\repository\org\springframework\boot\spring-boot-starter-jdbc\2.7.5\spring-boot-starter-jdbc-2.7.5.jar;C:\Users\LUIZFELIPEPEREIRALEI\.m2\repository\com\zaxxer\HikariCP\4.0.3\HikariCP-4.0.3.jar;C:\Users\LUIZFELIPEPEREIRALEI\.m2\repository\org\springframework\spring-jdbc\5.3.23\spring-jdbc-5.3.23.jar;C:\Users\LUIZFELIPEPEREIRALEI\.m2\repository\jakarta\transaction\jakarta.transaction-api\1.3.3\jakarta.transaction-api-1.3.3.jar;C:\Users\LUIZFELIPEPEREIRALEI\.m2\repository\jakarta\persistence\jakarta.persistence-api\2.2.3\jakarta.persistence-api-2.2.3.jar;C:\Users\LUIZFELIPEPEREIRALEI\.m2\repository\org\hibernate\hibernate-core\5.6.12.Final\hibernate-core-5.6.12.Final.jar;C:\Users\LUIZFELIPEPEREIRALEI\.m2\repository\org\jboss\logging\jboss-logging\3.4.3.Final\jboss-logging-3.4.3.Final.jar;C:\Users\LUIZFELIPEPEREIRALEI\.m2\repository\net\bytebuddy\byte-buddy\1.12.18\byte-buddy-1.12.18.jar;C:\Users\LUIZFELIPEPEREIRALEI\.m2\repository\antlr\antlr\2.7.7\antlr-2.7.7.jar;C:\Users\LUIZFELIPEPEREIRALEI\.m2\repository\org\jboss\jandex\2.4.2.Final\jandex-2.4.2.Final.jar;C:\Users\LUIZFELIPEPEREIRALEI\.m2\repository\org\hibernate\common\hibernate-commons-annotations\5.1.2.Final\hibernate-commons-annotations-5.1.2.Final.jar;C:\Users\LUIZFELIPEPEREIRALEI\.m2\repository\org\glassfish\jaxb\jaxb-runtime\2.3.7\jaxb-runtime-2.3.7.jar;C:\Users\LUIZFELIPEPEREIRALEI\.m2\repository\org\glassfish\jaxb\txw2\2.3.7\txw2-2.3.7.jar;C:\Users\LUIZFELIPEPEREIRALEI\.m2\repository\com\sun\istack\istack-commons-runtime\3.0.12\istack-commons-runtime-3.0.12.jar;C:\Users\LUIZFELIPEPEREIRALEI\.m2\repository\com\sun\activation\jakarta.activation\1.2.2\jakarta.activation-1.2.2.jar;C:\Users\LUIZFELIPEPEREIRALEI\.m2\repository\org\springframework\data\spring-data-jpa\2.7.5\spring-data-jpa-2.7.5.jar;C:\Users\LUIZFELIPEPEREIRALEI\.m2\repository\org\springframework\data\spring-data-commons\2.7.5\spring-data-commons-2.7.5.jar;C:\Users\LUIZFELIPEPEREIRALEI\.m2\repository\org\springframework\spring-orm\5.3.23\spring-orm-5.3.23.jar;C:\Users\LUIZFELIPEPEREIRALEI\.m2\repository\org\springframework\spring-tx\5.3.23\spring-tx-5.3.23.jar;C:\Users\LUIZFELIPEPEREIRALEI\.m2\repository\org\springframework\spring-aspects\5.3.23\spring-aspects-5.3.23.jar;C:\Users\LUIZFELIPEPEREIRALEI\.m2\repository\org\postgresql\postgresql\42.3.7\postgresql-42.3.7.jar;C:\Users\LUIZFELIPEPEREIRALEI\.m2\repository\org\checkerframework\checker-qual\3.5.0\checker-qual-3.5.0.jar;C:\Users\LUIZFELIPEPEREIRALEI\.m2\repository\org\springframework\boot\spring-boot-starter-test\2.7.5\spring-boot-starter-test-2.7.5.jar;C:\Users\LUIZFELIPEPEREIRALEI\.m2\repository\org\springframework\boot\spring-boot-test\2.7.5\spring-boot-test-2.7.5.jar;C:\Users\LUIZFELIPEPEREIRALEI\.m2\repository\org\springframework\boot\spring-boot-test-autoconfigure\2.7.5\spring-boot-test-autoconfigure-2.7.5.jar;C:\Users\LUIZFELIPEPEREIRALEI\.m2\repository\com\jayway\jsonpath\json-path\2.7.0\json-path-2.7.0.jar;C:\Users\LUIZFELIPEPEREIRALEI\.m2\repository\net\minidev\json-smart\2.4.8\json-smart-2.4.8.jar;C:\Users\LUIZFELIPEPEREIRALEI\.m2\repository\net\minidev\accessors-smart\2.4.8\accessors-smart-2.4.8.jar;C:\Users\LUIZFELIPEPEREIRALEI\.m2\repository\org\ow2\asm\asm\9.1\asm-9.1.jar;C:\Users\LUIZFELIPEPEREIRALEI\.m2\repository\jakarta\xml\bind\jakarta.xml.bind-api\2.3.3\jakarta.xml.bind-api-2.3.3.jar;C:\Users\LUIZFELIPEPEREIRALEI\.m2\repository\jakarta\activation\jakarta.activation-api\1.2.2\jakarta.activation-api-1.2.2.jar;C:\Users\LUIZFELIPEPEREIRALEI\.m2\repository\org\assertj\assertj-core\3.22.0\assertj-core-3.22.0.jar;C:\Users\LUIZFELIPEPEREIRALEI\.m2\repository\org\hamcrest\hamcrest\2.2\hamcrest-2.2.jar;C:\Users\LUIZFELIPEPEREIRALEI\.m2\repository\org\junit\jupiter\junit-jupiter\5.8.2\junit-jupiter-5.8.2.jar;C:\Users\LUIZFELIPEPEREIRALEI\.m2\repository\org\junit\jupiter\junit-jupiter-api\5.8.2\junit-jupiter-api-5.8.2.jar;C:\Users\LUIZFELIPEPEREIRALEI\.m2\repository\org\opentest4j\opentest4j\1.2.0\opentest4j-1.2.0.jar;C:\Users\LUIZFELIPEPEREIRALEI\.m2\repository\org\junit\platform\junit-platform-commons\1.8.2\junit-platform-commons-1.8.2.jar;C:\Users\LUIZFELIPEPEREIRALEI\.m2\repository\org\apiguardian\apiguardian-api\1.1.2\apiguardian-api-1.1.2.jar;C:\Users\LUIZFELIPEPEREIRALEI\.m2\repository\org\junit\jupiter\junit-jupiter-params\5.8.2\junit-jupiter-params-5.8.2.jar;C:\Users\LUIZFELIPEPEREIRALEI\.m2\repository\org\junit\jupiter\junit-jupiter-engine\5.8.2\junit-jupiter-engine-5.8.2.jar;C:\Users\LUIZFELIPEPEREIRALEI\.m2\repository\org\junit\platform\junit-platform-engine\1.8.2\junit-platform-engine-1.8.2.jar;C:\Users\LUIZFELIPEPEREIRALEI\.m2\repository\org\mockito\mockito-core\4.5.1\mockito-core-4.5.1.jar;C:\Users\LUIZFELIPEPEREIRALEI\.m2\repository\net\bytebuddy\byte-buddy-agent\1.12.18\byte-buddy-agent-1.12.18.jar;C:\Users\LUIZFELIPEPEREIRALEI\.m2\repository\org\objenesis\objenesis\3.2\objenesis-3.2.jar;C:\Users\LUIZFELIPEPEREIRALEI\.m2\repository\org\mockito\mockito-junit-jupiter\4.5.1\mockito-junit-jupiter-4.5.1.jar;C:\Users\LUIZFELIPEPEREIRALEI\.m2\repository\org\skyscreamer\jsonassert\1.5.1\jsonassert-1.5.1.jar;C:\Users\LUIZFELIPEPEREIRALEI\.m2\repository\com\vaadin\external\google\android-json\0.0.20131108.vaadin1\android-json-0.0.20131108.vaadin1.jar;C:\Users\LUIZFELIPEPEREIRALEI\.m2\repository\org\springframework\spring-core\5.3.23\spring-core-5.3.23.jar;C:\Users\LUIZFELIPEPEREIRALEI\.m2\repository\org\springframework\spring-jcl\5.3.23\spring-jcl-5.3.23.jar;C:\Users\LUIZFELIPEPEREIRALEI\.m2\repository\org\springframework\spring-test\5.3.23\spring-test-5.3.23.jar;C:\Users\LUIZFELIPEPEREIRALEI\.m2\repository\org\xmlunit\xmlunit-core\2.9.0\xmlunit-core-2.9.0.jar;C:\Users\LUIZFELIPEPEREIRALEI\.m2\repository\io\rest-assured\rest-assured\5.2.0\rest-assured-5.2.0.jar;C:\Users\LUIZFELIPEPEREIRALEI\.m2\repository\org\apache\groovy\groovy-xml\4.0.1\groovy-xml-4.0.1.jar;C:\Users\LUIZFELIPEPEREIRALEI\.m2\repository\org\apache\httpcomponents\httpclient\4.5.13\httpclient-4.5.13.jar;C:\Users\LUIZFELIPEPEREIRALEI\.m2\repository\org\apache\httpcomponents\httpcore\4.4.15\httpcore-4.4.15.jar;C:\Users\LUIZFELIPEPEREIRALEI\.m2\repository\commons-codec\commons-codec\1.15\commons-codec-1.15.jar;C:\Users\LUIZFELIPEPEREIRALEI\.m2\repository\org\apache\httpcomponents\httpmime\4.5.13\httpmime-4.5.13.jar;C:\Users\LUIZFELIPEPEREIRALEI\.m2\repository\org\ccil\cowan\tagsoup\tagsoup\1.2.1\tagsoup-1.2.1.jar;C:\Users\LUIZFELIPEPEREIRALEI\.m2\repository\io\rest-assured\json-path\5.2.0\json-path-5.2.0.jar;C:\Users\LUIZFELIPEPEREIRALEI\.m2\repository\org\apache\groovy\groovy-json\4.0.1\groovy-json-4.0.1.jar;C:\Users\LUIZFELIPEPEREIRALEI\.m2\repository\io\rest-assured\rest-assured-common\5.2.0\rest-assured-common-5.2.0.jar;C:\Users\LUIZFELIPEPEREIRALEI\.m2\repository\io\rest-assured\xml-path\5.2.0\xml-path-5.2.0.jar;C:\Users\LUIZFELIPEPEREIRALEI\.m2\repository\org\apache\commons\commons-lang3\3.12.0\commons-lang3-3.12.0.jar;C:\Users\LUIZFELIPEPEREIRALEI\.m2\repository\org\testcontainers\postgresql\1.17.5\postgresql-1.17.5.jar;C:\Users\LUIZFELIPEPEREIRALEI\.m2\repository\org\testcontainers\jdbc\1.17.5\jdbc-1.17.5.jar;C:\Users\LUIZFELIPEPEREIRALEI\.m2\repository\org\testcontainers\database-commons\1.17.5\database-commons-1.17.5.jar;C:\Users\LUIZFELIPEPEREIRALEI\.m2\repository\org\testcontainers\testcontainers\1.17.5\testcontainers-1.17.5.jar;C:\Users\LUIZFELIPEPEREIRALEI\.m2\repository\junit\junit\4.13.2\junit-4.13.2.jar;C:\Users\LUIZFELIPEPEREIRALEI\.m2\repository\org\hamcrest\hamcrest-core\2.2\hamcrest-core-2.2.jar;C:\Users\LUIZFELIPEPEREIRALEI\.m2\repository\org\apache\commons\commons-compress\1.21\commons-compress-1.21.jar;C:\Users\LUIZFELIPEPEREIRALEI\.m2\repository\org\rnorth\duct-tape\duct-tape\1.0.8\duct-tape-1.0.8.jar;C:\Users\LUIZFELIPEPEREIRALEI\.m2\repository\org\jetbrains\annotations\17.0.0\annotations-17.0.0.jar;C:\Users\LUIZFELIPEPEREIRALEI\.m2\repository\com\github\docker-java\docker-java-api\3.2.13\docker-java-api-3.2.13.jar;C:\Users\LUIZFELIPEPEREIRALEI\.m2\repository\com\github\docker-java\docker-java-transport-zerodep\3.2.13\docker-java-transport-zerodep-3.2.13.jar;C:\Users\LUIZFELIPEPEREIRALEI\.m2\repository\com\github\docker-java\docker-java-transport\3.2.13\docker-java-transport-3.2.13.jar;C:\Users\LUIZFELIPEPEREIRALEI\.m2\repository\net\java\dev\jna\jna\5.8.0\jna-5.8.0.jar;"/>
    <property name="java.vm.vendor" value="Azul Systems, Inc."/>
    <property name="sun.arch.data.model" value="64"/>
    <property name="user.variant" value=""/>
    <property name="java.vendor.url" value="http://www.azul.com/"/>
    <property name="user.timezone" value="America/Sao_Paulo"/>
    <property name="user.country.format" value="BR"/>
    <property name="os.name" value="Windows 10"/>
    <property name="java.vm.specification.version" value="17"/>
    <property name="sun.java.launcher" value="SUN_STANDARD"/>
    <property name="user.country" value="US"/>
    <property name="sun.boot.library.path" value="C:\Program Files\Zulu\zulu-17\bin"/>
    <property name="sun.java.command" value="C:\Users\LUIZFE~1\AppData\Local\Temp\surefire15754786545875700152\surefirebooter13804109090102331412.jar C:\Users\LUIZFELIPEPEREIRALEI\AppData\Local\Temp\surefire15754786545875700152 2022-11-07T23-35-57_786-jvmRun1 surefire16546569124758470984tmp surefire_07249887516724026888tmp"/>
    <property name="jdk.debug" value="release"/>
    <property name="surefire.test.class.path" value="D:\Dev\DIO-Quebec\cloud-parking\target\test-classes;D:\Dev\DIO-Quebec\cloud-parking\target\classes;C:\Users\LUIZFELIPEPEREIRALEI\.m2\repository\org\apache\groovy\groovy\4.0.6\groovy-4.0.6.jar;C:\Users\LUIZFELIPEPEREIRALEI\.m2\repository\org\springframework\boot\spring-boot-starter-web\2.7.5\spring-boot-starter-web-2.7.5.jar;C:\Users\LUIZFELIPEPEREIRALEI\.m2\repository\org\springframework\boot\spring-boot-starter\2.7.5\spring-boot-starter-2.7.5.jar;C:\Users\LUIZFELIPEPEREIRALEI\.m2\repository\org\springframework\boot\spring-boot-starter-logging\2.7.5\spring-boot-starter-logging-2.7.5.jar;C:\Users\LUIZFELIPEPEREIRALEI\.m2\repository\ch\qos\logback\logback-classic\1.2.11\logback-classic-1.2.11.jar;C:\Users\LUIZFELIPEPEREIRALEI\.m2\repository\ch\qos\logback\logback-core\1.2.11\logback-core-1.2.11.jar;C:\Users\LUIZFELIPEPEREIRALEI\.m2\repository\org\apache\logging\log4j\log4j-to-slf4j\2.17.2\log4j-to-slf4j-2.17.2.jar;C:\Users\LUIZFELIPEPEREIRALEI\.m2\repository\org\apache\logging\log4j\log4j-api\2.17.2\log4j-api-2.17.2.jar;C:\Users\LUIZFELIPEPEREIRALEI\.m2\repository\org\slf4j\jul-to-slf4j\1.7.36\jul-to-slf4j-1.7.36.jar;C:\Users\LUIZFELIPEPEREIRALEI\.m2\repository\jakarta\annotation\jakarta.annotation-api\1.3.5\jakarta.annotation-api-1.3.5.jar;C:\Users\LUIZFELIPEPEREIRALEI\.m2\repository\org\yaml\snakeyaml\1.30\snakeyaml-1.30.jar;C:\Users\LUIZFELIPEPEREIRALEI\.m2\repository\org\springframework\boot\spring-boot-starter-json\2.7.5\spring-boot-starter-json-2.7.5.jar;C:\Users\LUIZFELIPEPEREIRALEI\.m2\repository\com\fasterxml\jackson\core\jackson-databind\2.13.4.2\jackson-databind-2.13.4.2.jar;C:\Users\LUIZFELIPEPEREIRALEI\.m2\repository\com\fasterxml\jackson\core\jackson-annotations\2.13.4\jackson-annotations-2.13.4.jar;C:\Users\LUIZFELIPEPEREIRALEI\.m2\repository\com\fasterxml\jackson\core\jackson-core\2.13.4\jackson-core-2.13.4.jar;C:\Users\LUIZFELIPEPEREIRALEI\.m2\repository\com\fasterxml\jackson\datatype\jackson-datatype-jdk8\2.13.4\jackson-datatype-jdk8-2.13.4.jar;C:\Users\LUIZFELIPEPEREIRALEI\.m2\repository\com\fasterxml\jackson\datatype\jackson-datatype-jsr310\2.13.4\jackson-datatype-jsr310-2.13.4.jar;C:\Users\LUIZFELIPEPEREIRALEI\.m2\repository\com\fasterxml\jackson\module\jackson-module-parameter-names\2.13.4\jackson-module-parameter-names-2.13.4.jar;C:\Users\LUIZFELIPEPEREIRALEI\.m2\repository\org\springframework\boot\spring-boot-starter-tomcat\2.7.5\spring-boot-starter-tomcat-2.7.5.jar;C:\Users\LUIZFELIPEPEREIRALEI\.m2\repository\org\apache\tomcat\embed\tomcat-embed-core\9.0.68\tomcat-embed-core-9.0.68.jar;C:\Users\LUIZFELIPEPEREIRALEI\.m2\repository\org\apache\tomcat\embed\tomcat-embed-el\9.0.68\tomcat-embed-el-9.0.68.jar;C:\Users\LUIZFELIPEPEREIRALEI\.m2\repository\org\apache\tomcat\embed\tomcat-embed-websocket\9.0.68\tomcat-embed-websocket-9.0.68.jar;C:\Users\LUIZFELIPEPEREIRALEI\.m2\repository\org\springframework\spring-web\5.3.23\spring-web-5.3.23.jar;C:\Users\LUIZFELIPEPEREIRALEI\.m2\repository\org\springframework\spring-beans\5.3.23\spring-beans-5.3.23.jar;C:\Users\LUIZFELIPEPEREIRALEI\.m2\repository\org\springframework\spring-webmvc\5.3.23\spring-webmvc-5.3.23.jar;C:\Users\LUIZFELIPEPEREIRALEI\.m2\repository\org\springframework\spring-context\5.3.23\spring-context-5.3.23.jar;C:\Users\LUIZFELIPEPEREIRALEI\.m2\repository\org\springframework\spring-expression\5.3.23\spring-expression-5.3.23.jar;C:\Users\LUIZFELIPEPEREIRALEI\.m2\repository\org\springframework\boot\spring-boot-devtools\2.7.5\spring-boot-devtools-2.7.5.jar;C:\Users\LUIZFELIPEPEREIRALEI\.m2\repository\org\springframework\boot\spring-boot\2.7.5\spring-boot-2.7.5.jar;C:\Users\LUIZFELIPEPEREIRALEI\.m2\repository\org\springframework\boot\spring-boot-autoconfigure\2.7.5\spring-boot-autoconfigure-2.7.5.jar;C:\Users\LUIZFELIPEPEREIRALEI\.m2\repository\org\springframework\boot\spring-boot-starter-security\2.7.5\spring-boot-starter-security-2.7.5.jar;C:\Users\LUIZFELIPEPEREIRALEI\.m2\repository\org\springframework\spring-aop\5.3.23\spring-aop-5.3.23.jar;C:\Users\LUIZFELIPEPEREIRALEI\.m2\repository\org\springframework\security\spring-security-config\5.7.4\spring-security-config-5.7.4.jar;C:\Users\LUIZFELIPEPEREIRALEI\.m2\repository\org\springframework\security\spring-security-core\5.7.4\spring-security-core-5.7.4.jar;C:\Users\LUIZFELIPEPEREIRALEI\.m2\repository\org\springframework\security\spring-security-crypto\5.7.4\spring-security-crypto-5.7.4.jar;C:\Users\LUIZFELIPEPEREIRALEI\.m2\repository\org\springframework\security\spring-security-web\5.7.4\spring-security-web-5.7.4.jar;C:\Users\LUIZFELIPEPEREIRALEI\.m2\repository\org\modelmapper\modelmapper\3.1.0\modelmapper-3.1.0.jar;C:\Users\LUIZFELIPEPEREIRALEI\.m2\repository\io\springfox\springfox-boot-starter\3.0.0\springfox-boot-starter-3.0.0.jar;C:\Users\LUIZFELIPEPEREIRALEI\.m2\repository\io\springfox\springfox-oas\3.0.0\springfox-oas-3.0.0.jar;C:\Users\LUIZFELIPEPEREIRALEI\.m2\repository\io\swagger\core\v3\swagger-annotations\2.1.2\swagger-annotations-2.1.2.jar;C:\Users\LUIZFELIPEPEREIRALEI\.m2\repository\io\swagger\core\v3\swagger-models\2.1.2\swagger-models-2.1.2.jar;C:\Users\LUIZFELIPEPEREIRALEI\.m2\repository\io\springfox\springfox-spi\3.0.0\springfox-spi-3.0.0.jar;C:\Users\LUIZFELIPEPEREIRALEI\.m2\repository\io\springfox\springfox-schema\3.0.0\springfox-schema-3.0.0.jar;C:\Users\LUIZFELIPEPEREIRALEI\.m2\repository\io\springfox\springfox-core\3.0.0\springfox-core-3.0.0.jar;C:\Users\LUIZFELIPEPEREIRALEI\.m2\repository\io\springfox\springfox-spring-web\3.0.0\springfox-spring-web-3.0.0.jar;C:\Users\LUIZFELIPEPEREIRALEI\.m2\repository\io\github\classgraph\classgraph\4.8.83\classgraph-4.8.83.jar;C:\Users\LUIZFELIPEPEREIRALEI\.m2\repository\io\springfox\springfox-spring-webmvc\3.0.0\springfox-spring-webmvc-3.0.0.jar;C:\Users\LUIZFELIPEPEREIRALEI\.m2\repository\io\springfox\springfox-spring-webflux\3.0.0\springfox-spring-webflux-3.0.0.jar;C:\Users\LUIZFELIPEPEREIRALEI\.m2\repository\io\springfox\springfox-swagger-common\3.0.0\springfox-swagger-common-3.0.0.jar;C:\Users\LUIZFELIPEPEREIRALEI\.m2\repository\org\mapstruct\mapstruct\1.3.1.Final\mapstruct-1.3.1.Final.jar;C:\Users\LUIZFELIPEPEREIRALEI\.m2\repository\io\springfox\springfox-data-rest\3.0.0\springfox-data-rest-3.0.0.jar;C:\Users\LUIZFELIPEPEREIRALEI\.m2\repository\io\springfox\springfox-bean-validators\3.0.0\springfox-bean-validators-3.0.0.jar;C:\Users\LUIZFELIPEPEREIRALEI\.m2\repository\io\springfox\springfox-swagger2\3.0.0\springfox-swagger2-3.0.0.jar;C:\Users\LUIZFELIPEPEREIRALEI\.m2\repository\io\swagger\swagger-annotations\1.5.20\swagger-annotations-1.5.20.jar;C:\Users\LUIZFELIPEPEREIRALEI\.m2\repository\io\swagger\swagger-models\1.5.20\swagger-models-1.5.20.jar;C:\Users\LUIZFELIPEPEREIRALEI\.m2\repository\io\springfox\springfox-swagger-ui\3.0.0\springfox-swagger-ui-3.0.0.jar;C:\Users\LUIZFELIPEPEREIRALEI\.m2\repository\com\fasterxml\classmate\1.5.1\classmate-1.5.1.jar;C:\Users\LUIZFELIPEPEREIRALEI\.m2\repository\org\slf4j\slf4j-api\1.7.36\slf4j-api-1.7.36.jar;C:\Users\LUIZFELIPEPEREIRALEI\.m2\repository\org\springframework\plugin\spring-plugin-core\2.0.0.RELEASE\spring-plugin-core-2.0.0.RELEASE.jar;C:\Users\LUIZFELIPEPEREIRALEI\.m2\repository\org\springframework\plugin\spring-plugin-metadata\2.0.0.RELEASE\spring-plugin-metadata-2.0.0.RELEASE.jar;C:\Users\LUIZFELIPEPEREIRALEI\.m2\repository\jakarta\servlet\jakarta.servlet-api\6.0.0\jakarta.servlet-api-6.0.0.jar;C:\Users\LUIZFELIPEPEREIRALEI\.m2\repository\org\springframework\boot\spring-boot-starter-data-jpa\2.7.5\spring-boot-starter-data-jpa-2.7.5.jar;C:\Users\LUIZFELIPEPEREIRALEI\.m2\repository\org\springframework\boot\spring-boot-starter-aop\2.7.5\spring-boot-starter-aop-2.7.5.jar;C:\Users\LUIZFELIPEPEREIRALEI\.m2\repository\org\aspectj\aspectjweaver\1.9.7\aspectjweaver-1.9.7.jar;C:\Users\LUIZFELIPEPEREIRALEI\.m2\repository\org\springframework\boot\spring-boot-starter-jdbc\2.7.5\spring-boot-starter-jdbc-2.7.5.jar;C:\Users\LUIZFELIPEPEREIRALEI\.m2\repository\com\zaxxer\HikariCP\4.0.3\HikariCP-4.0.3.jar;C:\Users\LUIZFELIPEPEREIRALEI\.m2\repository\org\springframework\spring-jdbc\5.3.23\spring-jdbc-5.3.23.jar;C:\Users\LUIZFELIPEPEREIRALEI\.m2\repository\jakarta\transaction\jakarta.transaction-api\1.3.3\jakarta.transaction-api-1.3.3.jar;C:\Users\LUIZFELIPEPEREIRALEI\.m2\repository\jakarta\persistence\jakarta.persistence-api\2.2.3\jakarta.persistence-api-2.2.3.jar;C:\Users\LUIZFELIPEPEREIRALEI\.m2\repository\org\hibernate\hibernate-core\5.6.12.Final\hibernate-core-5.6.12.Final.jar;C:\Users\LUIZFELIPEPEREIRALEI\.m2\repository\org\jboss\logging\jboss-logging\3.4.3.Final\jboss-logging-3.4.3.Final.jar;C:\Users\LUIZFELIPEPEREIRALEI\.m2\repository\net\bytebuddy\byte-buddy\1.12.18\byte-buddy-1.12.18.jar;C:\Users\LUIZFELIPEPEREIRALEI\.m2\repository\antlr\antlr\2.7.7\antlr-2.7.7.jar;C:\Users\LUIZFELIPEPEREIRALEI\.m2\repository\org\jboss\jandex\2.4.2.Final\jandex-2.4.2.Final.jar;C:\Users\LUIZFELIPEPEREIRALEI\.m2\repository\org\hibernate\common\hibernate-commons-annotations\5.1.2.Final\hibernate-commons-annotations-5.1.2.Final.jar;C:\Users\LUIZFELIPEPEREIRALEI\.m2\repository\org\glassfish\jaxb\jaxb-runtime\2.3.7\jaxb-runtime-2.3.7.jar;C:\Users\LUIZFELIPEPEREIRALEI\.m2\repository\org\glassfish\jaxb\txw2\2.3.7\txw2-2.3.7.jar;C:\Users\LUIZFELIPEPEREIRALEI\.m2\repository\com\sun\istack\istack-commons-runtime\3.0.12\istack-commons-runtime-3.0.12.jar;C:\Users\LUIZFELIPEPEREIRALEI\.m2\repository\com\sun\activation\jakarta.activation\1.2.2\jakarta.activation-1.2.2.jar;C:\Users\LUIZFELIPEPEREIRALEI\.m2\repository\org\springframework\data\spring-data-jpa\2.7.5\spring-data-jpa-2.7.5.jar;C:\Users\LUIZFELIPEPEREIRALEI\.m2\repository\org\springframework\data\spring-data-commons\2.7.5\spring-data-commons-2.7.5.jar;C:\Users\LUIZFELIPEPEREIRALEI\.m2\repository\org\springframework\spring-orm\5.3.23\spring-orm-5.3.23.jar;C:\Users\LUIZFELIPEPEREIRALEI\.m2\repository\org\springframework\spring-tx\5.3.23\spring-tx-5.3.23.jar;C:\Users\LUIZFELIPEPEREIRALEI\.m2\repository\org\springframework\spring-aspects\5.3.23\spring-aspects-5.3.23.jar;C:\Users\LUIZFELIPEPEREIRALEI\.m2\repository\org\postgresql\postgresql\42.3.7\postgresql-42.3.7.jar;C:\Users\LUIZFELIPEPEREIRALEI\.m2\repository\org\checkerframework\checker-qual\3.5.0\checker-qual-3.5.0.jar;C:\Users\LUIZFELIPEPEREIRALEI\.m2\repository\org\springframework\boot\spring-boot-starter-test\2.7.5\spring-boot-starter-test-2.7.5.jar;C:\Users\LUIZFELIPEPEREIRALEI\.m2\repository\org\springframework\boot\spring-boot-test\2.7.5\spring-boot-test-2.7.5.jar;C:\Users\LUIZFELIPEPEREIRALEI\.m2\repository\org\springframework\boot\spring-boot-test-autoconfigure\2.7.5\spring-boot-test-autoconfigure-2.7.5.jar;C:\Users\LUIZFELIPEPEREIRALEI\.m2\repository\com\jayway\jsonpath\json-path\2.7.0\json-path-2.7.0.jar;C:\Users\LUIZFELIPEPEREIRALEI\.m2\repository\net\minidev\json-smart\2.4.8\json-smart-2.4.8.jar;C:\Users\LUIZFELIPEPEREIRALEI\.m2\repository\net\minidev\accessors-smart\2.4.8\accessors-smart-2.4.8.jar;C:\Users\LUIZFELIPEPEREIRALEI\.m2\repository\org\ow2\asm\asm\9.1\asm-9.1.jar;C:\Users\LUIZFELIPEPEREIRALEI\.m2\repository\jakarta\xml\bind\jakarta.xml.bind-api\2.3.3\jakarta.xml.bind-api-2.3.3.jar;C:\Users\LUIZFELIPEPEREIRALEI\.m2\repository\jakarta\activation\jakarta.activation-api\1.2.2\jakarta.activation-api-1.2.2.jar;C:\Users\LUIZFELIPEPEREIRALEI\.m2\repository\org\assertj\assertj-core\3.22.0\assertj-core-3.22.0.jar;C:\Users\LUIZFELIPEPEREIRALEI\.m2\repository\org\hamcrest\hamcrest\2.2\hamcrest-2.2.jar;C:\Users\LUIZFELIPEPEREIRALEI\.m2\repository\org\junit\jupiter\junit-jupiter\5.8.2\junit-jupiter-5.8.2.jar;C:\Users\LUIZFELIPEPEREIRALEI\.m2\repository\org\junit\jupiter\junit-jupiter-api\5.8.2\junit-jupiter-api-5.8.2.jar;C:\Users\LUIZFELIPEPEREIRALEI\.m2\repository\org\opentest4j\opentest4j\1.2.0\opentest4j-1.2.0.jar;C:\Users\LUIZFELIPEPEREIRALEI\.m2\repository\org\junit\platform\junit-platform-commons\1.8.2\junit-platform-commons-1.8.2.jar;C:\Users\LUIZFELIPEPEREIRALEI\.m2\repository\org\apiguardian\apiguardian-api\1.1.2\apiguardian-api-1.1.2.jar;C:\Users\LUIZFELIPEPEREIRALEI\.m2\repository\org\junit\jupiter\junit-jupiter-params\5.8.2\junit-jupiter-params-5.8.2.jar;C:\Users\LUIZFELIPEPEREIRALEI\.m2\repository\org\junit\jupiter\junit-jupiter-engine\5.8.2\junit-jupiter-engine-5.8.2.jar;C:\Users\LUIZFELIPEPEREIRALEI\.m2\repository\org\junit\platform\junit-platform-engine\1.8.2\junit-platform-engine-1.8.2.jar;C:\Users\LUIZFELIPEPEREIRALEI\.m2\repository\org\mockito\mockito-core\4.5.1\mockito-core-4.5.1.jar;C:\Users\LUIZFELIPEPEREIRALEI\.m2\repository\net\bytebuddy\byte-buddy-agent\1.12.18\byte-buddy-agent-1.12.18.jar;C:\Users\LUIZFELIPEPEREIRALEI\.m2\repository\org\objenesis\objenesis\3.2\objenesis-3.2.jar;C:\Users\LUIZFELIPEPEREIRALEI\.m2\repository\org\mockito\mockito-junit-jupiter\4.5.1\mockito-junit-jupiter-4.5.1.jar;C:\Users\LUIZFELIPEPEREIRALEI\.m2\repository\org\skyscreamer\jsonassert\1.5.1\jsonassert-1.5.1.jar;C:\Users\LUIZFELIPEPEREIRALEI\.m2\repository\com\vaadin\external\google\android-json\0.0.20131108.vaadin1\android-json-0.0.20131108.vaadin1.jar;C:\Users\LUIZFELIPEPEREIRALEI\.m2\repository\org\springframework\spring-core\5.3.23\spring-core-5.3.23.jar;C:\Users\LUIZFELIPEPEREIRALEI\.m2\repository\org\springframework\spring-jcl\5.3.23\spring-jcl-5.3.23.jar;C:\Users\LUIZFELIPEPEREIRALEI\.m2\repository\org\springframework\spring-test\5.3.23\spring-test-5.3.23.jar;C:\Users\LUIZFELIPEPEREIRALEI\.m2\repository\org\xmlunit\xmlunit-core\2.9.0\xmlunit-core-2.9.0.jar;C:\Users\LUIZFELIPEPEREIRALEI\.m2\repository\io\rest-assured\rest-assured\5.2.0\rest-assured-5.2.0.jar;C:\Users\LUIZFELIPEPEREIRALEI\.m2\repository\org\apache\groovy\groovy-xml\4.0.1\groovy-xml-4.0.1.jar;C:\Users\LUIZFELIPEPEREIRALEI\.m2\repository\org\apache\httpcomponents\httpclient\4.5.13\httpclient-4.5.13.jar;C:\Users\LUIZFELIPEPEREIRALEI\.m2\repository\org\apache\httpcomponents\httpcore\4.4.15\httpcore-4.4.15.jar;C:\Users\LUIZFELIPEPEREIRALEI\.m2\repository\commons-codec\commons-codec\1.15\commons-codec-1.15.jar;C:\Users\LUIZFELIPEPEREIRALEI\.m2\repository\org\apache\httpcomponents\httpmime\4.5.13\httpmime-4.5.13.jar;C:\Users\LUIZFELIPEPEREIRALEI\.m2\repository\org\ccil\cowan\tagsoup\tagsoup\1.2.1\tagsoup-1.2.1.jar;C:\Users\LUIZFELIPEPEREIRALEI\.m2\repository\io\rest-assured\json-path\5.2.0\json-path-5.2.0.jar;C:\Users\LUIZFELIPEPEREIRALEI\.m2\repository\org\apache\groovy\groovy-json\4.0.1\groovy-json-4.0.1.jar;C:\Users\LUIZFELIPEPEREIRALEI\.m2\repository\io\rest-assured\rest-assured-common\5.2.0\rest-assured-common-5.2.0.jar;C:\Users\LUIZFELIPEPEREIRALEI\.m2\repository\io\rest-assured\xml-path\5.2.0\xml-path-5.2.0.jar;C:\Users\LUIZFELIPEPEREIRALEI\.m2\repository\org\apache\commons\commons-lang3\3.12.0\commons-lang3-3.12.0.jar;C:\Users\LUIZFELIPEPEREIRALEI\.m2\repository\org\testcontainers\postgresql\1.17.5\postgresql-1.17.5.jar;C:\Users\LUIZFELIPEPEREIRALEI\.m2\repository\org\testcontainers\jdbc\1.17.5\jdbc-1.17.5.jar;C:\Users\LUIZFELIPEPEREIRALEI\.m2\repository\org\testcontainers\database-commons\1.17.5\database-commons-1.17.5.jar;C:\Users\LUIZFELIPEPEREIRALEI\.m2\repository\org\testcontainers\testcontainers\1.17.5\testcontainers-1.17.5.jar;C:\Users\LUIZFELIPEPEREIRALEI\.m2\repository\junit\junit\4.13.2\junit-4.13.2.jar;C:\Users\LUIZFELIPEPEREIRALEI\.m2\repository\org\hamcrest\hamcrest-core\2.2\hamcrest-core-2.2.jar;C:\Users\LUIZFELIPEPEREIRALEI\.m2\repository\org\apache\commons\commons-compress\1.21\commons-compress-1.21.jar;C:\Users\LUIZFELIPEPEREIRALEI\.m2\repository\org\rnorth\duct-tape\duct-tape\1.0.8\duct-tape-1.0.8.jar;C:\Users\LUIZFELIPEPEREIRALEI\.m2\repository\org\jetbrains\annotations\17.0.0\annotations-17.0.0.jar;C:\Users\LUIZFELIPEPEREIRALEI\.m2\repository\com\github\docker-java\docker-java-api\3.2.13\docker-java-api-3.2.13.jar;C:\Users\LUIZFELIPEPEREIRALEI\.m2\repository\com\github\docker-java\docker-java-transport-zerodep\3.2.13\docker-java-transport-zerodep-3.2.13.jar;C:\Users\LUIZFELIPEPEREIRALEI\.m2\repository\com\github\docker-java\docker-java-transport\3.2.13\docker-java-transport-3.2.13.jar;C:\Users\LUIZFELIPEPEREIRALEI\.m2\repository\net\java\dev\jna\jna\5.8.0\jna-5.8.0.jar;"/>
    <property name="sun.cpu.endian" value="little"/>
    <property name="user.home" value="C:\Users\LUIZFELIPEPEREIRALEI"/>
    <property name="user.language" value="en"/>
    <property name="java.specification.vendor" value="Oracle Corporation"/>
    <property name="java.version.date" value="2022-08-12"/>
    <property name="java.home" value="C:\Program Files\Zulu\zulu-17"/>
    <property name="file.separator" value="\"/>
    <property name="basedir" value="D:\Dev\DIO-Quebec\cloud-parking"/>
    <property name="java.vm.compressedOopsMode" value="Zero based"/>
    <property name="line.separator" value="&#10;"/>
    <property name="java.vm.specification.vendor" value="Oracle Corporation"/>
    <property name="java.specification.name" value="Java Platform API Specification"/>
    <property name="surefire.real.class.path" value="C:\Users\LUIZFE~1\AppData\Local\Temp\surefire15754786545875700152\surefirebooter13804109090102331412.jar"/>
    <property name="user.script" value=""/>
    <property name="sun.management.compiler" value="HotSpot 64-Bit Tiered Compilers"/>
    <property name="java.runtime.version" value="17.0.4.1+1-LTS"/>
    <property name="user.name" value="LUIZFELIPEPEREIRALEI"/>
    <property name="path.separator" value=";"/>
    <property name="os.version" value="10.0"/>
    <property name="java.runtime.name" value="OpenJDK Runtime Environment"/>
    <property name="file.encoding" value="Cp1252"/>
    <property name="java.vm.name" value="OpenJDK 64-Bit Server VM"/>
    <property name="java.vendor.version" value="Zulu17.36+17-CA"/>
    <property name="localRepository" value="C:\Users\LUIZFELIPEPEREIRALEI\.m2\repository"/>
    <property name="java.vendor.url.bug" value="http://www.azul.com/support/"/>
    <property name="java.io.tmpdir" value="C:\Users\LUIZFE~1\AppData\Local\Temp\"/>
    <property name="java.version" value="17.0.4.1"/>
    <property name="user.dir" value="D:\Dev\DIO-Quebec\cloud-parking"/>
    <property name="os.arch" value="amd64"/>
    <property name="java.vm.specification.name" value="Java Virtual Machine Specification"/>
    <property name="user.language.format" value="pt"/>
    <property name="sun.os.patch.level" value=""/>
    <property name="native.encoding" value="Cp1252"/>
    <property name="java.library.path" value="C:\Program Files\Zulu\zulu-17\bin;C:\Windows\Sun\Java\bin;C:\Windows\system32;C:\Windows;C:\Program Files\Zulu\zulu-17\bin\;C:\Program Files\Zulu\zulu-19\bin\;C:\Python310\Scripts\;C:\Python310\;C:\Windows\system32;C:\Windows;C:\Windows\System32\Wbem;C:\Windows\System32\WindowsPowerShell\v1.0\;C:\Windows\System32\OpenSSH\;C:\Program Files\NVIDIA Corporation\NVIDIA NvDLISR;C:\Program Files (x86)\NVIDIA Corporation\PhysX\Common;C:\Program Files\dotnet\;C:\Program Files\Microsoft VS Code\bin;C:\Program Files\Git\cmd;C:\Program Files\Microsoft SQL Server\130\Tools\Binn\;C:\Program Files\Microsoft SQL Server\150\Tools\Binn\;C:\Program Files\nodejs\;C:\ProgramData\chocolatey\bin;C:\Program Files\PostgreSQL\15\bin;C:\Program Files\PostgreSQL\15\lib;D:\Dev\apache-maven-3.8.6\bin;;C:\Program Files\Docker\Docker\resources\bin;C:\Users\LUIZFELIPEPEREIRALEI\AppData\Local\Microsoft\WindowsApps;C:\Users\LUIZFELIPEPEREIRALEI\AppData\Local\GitHubDesktop\bin;C:\Users\LUIZFELIPEPEREIRALEI\.dotnet\tools;C:\Program Files (x86)\GitHub CLI\;C:\Users\LUIZFELIPEPEREIRALEI\.dotnet\tools;C:\Users\LUIZFELIPEPEREIRALEI\AppData\Roaming\npm;C:\Program Files\JetBrains\IntelliJ IDEA Community Edition 2022.2.2\bin;."/>
    <property name="java.vm.info" value="mixed mode, sharing"/>
    <property name="java.vendor" value="Azul Systems, Inc."/>
    <property name="java.vm.version" value="17.0.4.1+1-LTS"/>
    <property name="sun.io.unicode.encoding" value="UnicodeLittle"/>
    <property name="java.class.version" value="61.0"/>
  </properties>
  <testcase name="whenCreateThenCheckIsCreated" classname="one.digitalinnovation.parking.controller.ParkingControllerTest" time="2.272"/>
  <testcase name="whenFindAllThenCheckResult" classname="one.digitalinnovation.parking.controller.ParkingControllerTest" time="0.227"/>
</testsuite>